<?xml version="1.0" encoding="UTF-8"?>
<!-- Generated by org.testng.reporters.JUnitReportReporter -->
<testsuite skipped="0" hostname="MAHESH" name="PriorityAndDependancy.PriorityTest" tests="1" failures="0" timestamp="17 Sep 2018 12:08:44 GMT" time="0.002" errors="0">
  <testcase name="TestOne" time="0.002" classname="PriorityAndDependancy.PriorityTest"/>
</testsuite> <!-- PriorityAndDependancy.PriorityTest -->
