<?xml version="1.0" encoding="UTF-8"?>
<!-- Generated by org.testng.reporters.JUnitReportReporter -->
<testsuite skipped="0" hostname="MAHESH" name="simpleTestNG.SimpleTestNGTest" tests="7" failures="0" timestamp="17 Sep 2018 12:16:36 GMT" time="0.036" errors="0">
  <testcase name="test3" time="0.002" classname="simpleTestNG.SimpleTestNGTest"/>
  <testcase name="test4" time="0.004" classname="simpleTestNG.SimpleTestNGTest"/>
  <testcase name="test3" time="0.002" classname="simpleTestNG.SimpleTestNGTest"/>
  <testcase name="testCaptureScreen" time="0.002" classname="simpleTestNG.SimpleTestNGTest"/>
  <testcase name="test2" time="0.001" classname="simpleTestNG.SimpleTestNGTest"/>
  <testcase name="test1" time="0.003" classname="simpleTestNG.SimpleTestNGTest"/>
  <testcase name="test1" time="0.022" classname="simpleTestNG.SimpleTestNGTest"/>
</testsuite> <!-- simpleTestNG.SimpleTestNGTest -->
