<?xml version="1.0" encoding="UTF-8"?>
<!-- Generated by org.testng.reporters.JUnitReportReporter -->
<testsuite skipped="0" hostname="MAHESH" name="simpleTestNG.DataProviderTest" tests="2" failures="0" timestamp="17 Sep 2018 12:16:36 GMT" time="0.002" errors="0">
  <testcase name="Printing" time="0.002" classname="simpleTestNG.DataProviderTest"/>
  <testcase name="Printing" time="0.000" classname="simpleTestNG.DataProviderTest"/>
</testsuite> <!-- simpleTestNG.DataProviderTest -->
