<?xml version="1.0" encoding="UTF-8"?>
<!-- Generated by org.testng.reporters.JUnitReportReporter -->
<testsuite skipped="0" hostname="MAHESH" name="simpleTestNG.AnnotationsTestNG" tests="5" failures="0" timestamp="17 Sep 2018 12:16:36 GMT" time="0.011" errors="0">
  <testcase name="unitTest2A" time="0.003" classname="simpleTestNG.AnnotationsTestNG"/>
  <testcase name="TestNgTest2" time="0.001" classname="simpleTestNG.AnnotationsTestNG"/>
  <testcase name="unitTest2A" time="0.001" classname="simpleTestNG.AnnotationsTestNG"/>
  <testcase name="TestNgTest1" time="0.004" classname="simpleTestNG.AnnotationsTestNG"/>
  <testcase name="unitTest4A" time="0.002" classname="simpleTestNG.AnnotationsTestNG"/>
</testsuite> <!-- simpleTestNG.AnnotationsTestNG -->
