<?xml version="1.0" encoding="UTF-8"?>
<!-- Generated by org.testng.reporters.JUnitReportReporter -->
<testsuite skipped="0" hostname="MAHESH" name="PriorityAndDependancy.DependancyAndPriorityTest" tests="1" failures="0" timestamp="17 Sep 2018 12:08:44 GMT" time="0.057" errors="0">
  <testcase name="TestThree" time="0.057" classname="PriorityAndDependancy.DependancyAndPriorityTest"/>
</testsuite> <!-- PriorityAndDependancy.DependancyAndPriorityTest -->
